<?xml version="1.0" encoding="UTF-8"?>
<!-- Generated by org.testng.reporters.JUnitReportReporter -->
<testsuite skipped="0" hostname="vicky-PC" name="com.nop.qa.testcases.ProductAddPageTest" tests="2" failures="0" timestamp="2020-07-31T16:24:58 IST" time="79.816" errors="0">
  <testcase name="verifyAddProductPageTitle" time="37.908" classname="com.nop.qa.testcases.ProductAddPageTest"/>
  <system-out/>
  <testcase name="verifyAddProductPageURL" time="41.908" classname="com.nop.qa.testcases.ProductAddPageTest"/>
  <system-out/>
</testsuite> <!-- com.nop.qa.testcases.ProductAddPageTest -->
