<?xml version="1.0" encoding="UTF-8"?>
<!-- Generated by org.testng.reporters.JUnitReportReporter -->
<testsuite skipped="0" hostname="vicky-PC" name="com.nop.qa.testcases.LoginPageTest" tests="3" failures="0" timestamp="2020-07-31T16:24:58 IST" time="52.389" errors="0">
  <testcase name="varifyLoginPageTitle" time="17.334" classname="com.nop.qa.testcases.LoginPageTest"/>
  <system-out/>
  <testcase name="verifyLoginPageURL" time="10.728" classname="com.nop.qa.testcases.LoginPageTest"/>
  <system-out/>
  <testcase name="verifyLoginPageLoginFunctionality" time="24.327" classname="com.nop.qa.testcases.LoginPageTest"/>
  <system-out/>
</testsuite> <!-- com.nop.qa.testcases.LoginPageTest -->
