<?xml version="1.0" encoding="UTF-8"?>
<!-- Generated by org.testng.reporters.JUnitReportReporter -->
<testsuite skipped="0" hostname="vicky-PC" name="com.nop.qa.testcases.ProductAddPageTest" tests="2" failures="0" timestamp="2020-07-31T16:34:28 IST" time="93.157" errors="0">
  <testcase name="verifyAddProductPageTitle" time="52.570" classname="com.nop.qa.testcases.ProductAddPageTest"/>
  <system-out/>
  <testcase name="verifyAddProductPageURL" time="40.587" classname="com.nop.qa.testcases.ProductAddPageTest"/>
  <system-out/>
</testsuite> <!-- com.nop.qa.testcases.ProductAddPageTest -->
