<?xml version="1.0" encoding="UTF-8"?>
<!-- Generated by org.testng.reporters.JUnitReportReporter -->
<testsuite skipped="0" hostname="vicky-PC" name="com.nop.qa.testcases.LoginPageTest" tests="3" failures="0" timestamp="2020-07-31T16:34:28 IST" time="64.349" errors="0">
  <testcase name="varifyLoginPageTitle" time="7.716" classname="com.nop.qa.testcases.LoginPageTest"/>
  <system-out/>
  <testcase name="verifyLoginPageURL" time="9.623" classname="com.nop.qa.testcases.LoginPageTest"/>
  <system-out/>
  <testcase name="verifyLoginPageLoginFunctionality" time="47.010" classname="com.nop.qa.testcases.LoginPageTest"/>
  <system-out/>
</testsuite> <!-- com.nop.qa.testcases.LoginPageTest -->
